Using pre-set license
Built from '2020.3/staging' branch; Version is '2020.3.17f1 (a4537701e4ab) revision 10769271'; Using compiler version '192528614'; Build Type 'Release'
OS: 'Windows 10 Pro; OS build 19041.329; Version 2004; 64bit' Language: 'en' Physical Memory: 8151 MB
BatchMode: 1, IsHumanControllingUs: 0, StartBugReporterOnCrash: 0, Is64bit: 1, IsPro: 0

COMMAND LINE ARGUMENTS:
H:\ccc\2020.3.17f1\Editor\Unity.exe
-adb2
-batchMode
-noUpm
-name
AssetImportWorker0
-projectPath
F:/y/Piring Terbang - Dimas Satrio Utomo
-logFile
Logs/AssetImportWorker0.log
-srvPort
58808
Successfully changed project path to: F:/y/Piring Terbang - Dimas Satrio Utomo
F:/y/Piring Terbang - Dimas Satrio Utomo
Using Asset Import Pipeline V2.
Refreshing native plugins compatible for Editor in 82.76 ms, found 3 plugins.
Preloading 0 native plugins for Editor in 0.00 ms.
Initialize engine version: 2020.3.17f1 (a4537701e4ab)
[Subsystems] Discovering subsystems at path H:/ccc/2020.3.17f1/Editor/Data/Resources/UnitySubsystems
[Subsystems] Discovering subsystems at path F:/y/Piring Terbang - Dimas Satrio Utomo/Assets
GfxDevice: creating device client; threaded=0
Direct3D:
    Version:  Direct3D 11.0 [level 11.1]
    Renderer: Radeon(TM) RX 460 Graphics (ID=0x67ef)
    Vendor:   
    VRAM:     4075 MB
    Driver:   30.0.13025.5005
Initialize mono
Mono path[0] = 'H:/ccc/2020.3.17f1/Editor/Data/Managed'
Mono path[1] = 'H:/ccc/2020.3.17f1/Editor/Data/MonoBleedingEdge/lib/mono/unityjit'
Mono config path = 'H:/ccc/2020.3.17f1/Editor/Data/MonoBleedingEdge/etc'
Using monoOptions --debugger-agent=transport=dt_socket,embedding=1,server=y,suspend=n,address=127.0.0.1:56768
Begin MonoManager ReloadAssembly
Registering precompiled unity dll's ...
Register platform support module: H:/ccc/2020.3.17f1/Editor/Data/PlaybackEngines/WindowsStandaloneSupport/UnityEditor.WindowsStandalone.Extensions.dll
Registered in 0.001623 seconds.
Native extension for WindowsStandalone target not found
Refreshing native plugins compatible for Editor in 83.07 ms, found 3 plugins.
Preloading 0 native plugins for Editor in 0.00 ms.
Mono: successfully reloaded assembly
- Completed reload, in  2.559 seconds
Domain Reload Profiling:
	ReloadAssembly (2560ms)
		BeginReloadAssembly (79ms)
			ExecutionOrderSort (0ms)
			DisableScriptedObjects (0ms)
			BackupInstance (0ms)
			ReleaseScriptingObjects (0ms)
			CreateAndSetChildDomain (1ms)
		EndReloadAssembly (727ms)
			LoadAssemblies (77ms)
			RebuildTransferFunctionScriptingTraits (0ms)
			SetupTypeCache (256ms)
			ReleaseScriptCaches (0ms)
			RebuildScriptCaches (51ms)
			SetupLoadedEditorAssemblies (305ms)
				LogAssemblyErrors (0ms)
				InitializePlatformSupportModulesInManaged (6ms)
				SetLoadedEditorAssemblies (0ms)
				RefreshPlugins (83ms)
				BeforeProcessingInitializeOnLoad (16ms)
				ProcessInitializeOnLoadAttributes (151ms)
				ProcessInitializeOnLoadMethodAttributes (49ms)
				AfterProcessingInitializeOnLoad (0ms)
				EditorAssembliesLoaded (0ms)
			ExecutionOrderSort2 (0ms)
			AwakeInstancesAfterBackupRestoration (0ms)
Platform modules already initialized, skipping
Registering precompiled user dll's ...
Registered in 0.004432 seconds.
Begin MonoManager ReloadAssembly
Native extension for WindowsStandalone target not found
Refreshing native plugins compatible for Editor in 87.10 ms, found 3 plugins.
Preloading 0 native plugins for Editor in 0.00 ms.
Mono: successfully reloaded assembly
- Completed reload, in  2.141 seconds
Domain Reload Profiling:
	ReloadAssembly (2143ms)
		BeginReloadAssembly (295ms)
			ExecutionOrderSort (0ms)
			DisableScriptedObjects (9ms)
			BackupInstance (0ms)
			ReleaseScriptingObjects (0ms)
			CreateAndSetChildDomain (38ms)
		EndReloadAssembly (1754ms)
			LoadAssemblies (153ms)
			RebuildTransferFunctionScriptingTraits (0ms)
			SetupTypeCache (556ms)
			ReleaseScriptCaches (1ms)
			RebuildScriptCaches (91ms)
			SetupLoadedEditorAssemblies (716ms)
				LogAssemblyErrors (0ms)
				InitializePlatformSupportModulesInManaged (6ms)
				SetLoadedEditorAssemblies (0ms)
				RefreshPlugins (87ms)
				BeforeProcessingInitializeOnLoad (106ms)
				ProcessInitializeOnLoadAttributes (487ms)
				ProcessInitializeOnLoadMethodAttributes (24ms)
				AfterProcessingInitializeOnLoad (4ms)
				EditorAssembliesLoaded (0ms)
			ExecutionOrderSort2 (0ms)
			AwakeInstancesAfterBackupRestoration (15ms)
Platform modules already initialized, skipping
========================================================================
Worker process is ready to serve import requests
Launched and connected shader compiler UnityShaderCompiler.exe after 0.25 seconds
Refreshing native plugins compatible for Editor in 1.17 ms, found 3 plugins.
Preloading 0 native plugins for Editor in 0.00 ms.
Unloading 2163 Unused Serialized files (Serialized files now loaded: 0)
System memory in use before: 96.9 MB.
System memory in use after: 97.0 MB.

Unloading 28 unused Assets to reduce memory usage. Loaded Objects now: 2602.
Total: 5.654000 ms (FindLiveObjects: 0.414200 ms CreateObjectMapping: 0.228800 ms MarkObjects: 4.901600 ms  DeleteObjects: 0.107300 ms)

AssetImportParameters requested are different than current active one (requested -> active):
  custom:framework-win-MediaFoundation: 216162199b28c13a410421893ffa2e32 -> 
  custom:video-decoder-ogg-theora: a1e56fd34408186e4bbccfd4996cb3dc -> 
  custom:container-muxer-webm: aa71ff27fc2769a1b78a27578f13a17b -> 
  custom:container-demuxer-webm: 4f35f7cbe854078d1ac9338744f61a02 -> 
  custom:container-demuxer-ogg: 62fdf1f143b41e24485cea50d1cbac27 -> 
  custom:video-encoder-webm-vp8: eb34c28f22e8b96e1ab97ce403110664 -> 
  custom:video-decoder-webm-vp8: 9c59270c3fd7afecdb556c50c9e8de78 -> 
  custom:audio-decoder-ogg-vorbis: bf7c407c2cedff20999df2af8eb42d56 -> 
  custom:audio-encoder-webm-vorbis: bf7c407c2cedff20999df2af8eb42d56 -> 
========================================================================
Received Import Request.
  path: Assets/Scenes/SampleSceneMedium.unity
  artifactKey: Guid(2a5b6d2df4bba9a4389bd82b5ee792c4) Importer(815301076,1909f56bfc062723c751e8b465ee728b)
Start importing Assets/Scenes/SampleSceneMedium.unity using Guid(2a5b6d2df4bba9a4389bd82b5ee792c4) Importer(815301076,1909f56bfc062723c751e8b465ee728b)  -> (artifact id: 'fb1da10db57e464a883d339b605bb4e4') in 0.118706 seconds 
  Import took 0.161688 seconds .

========================================================================
Received Import Request.
  Time since last request: 17.010325 seconds.
  path: Assets/Prefabs/2 Hard.prefab
  artifactKey: Guid(f1c46bbb1915ed24b89528e860d9c115) Importer(815301076,1909f56bfc062723c751e8b465ee728b)
Start importing Assets/Prefabs/2 Hard.prefab using Guid(f1c46bbb1915ed24b89528e860d9c115) Importer(815301076,1909f56bfc062723c751e8b465ee728b)  -> (artifact id: '06393ae9fa5341ae9416df7d2653b5ad') in 0.333278 seconds 
  Import took 0.378613 seconds .

========================================================================
Received Import Request.
  Time since last request: 15.042414 seconds.
  path: Assets/Prefabs/3 Hard.prefab
  artifactKey: Guid(059d89cd792cba249bcc8fdec757f1a0) Importer(815301076,1909f56bfc062723c751e8b465ee728b)
Start importing Assets/Prefabs/3 Hard.prefab using Guid(059d89cd792cba249bcc8fdec757f1a0) Importer(815301076,1909f56bfc062723c751e8b465ee728b)  -> (artifact id: 'dea58c107746e51c38176cb88fe5f141') in 0.033809 seconds 
  Import took 0.050818 seconds .

========================================================================
Received Import Request.
  Time since last request: 14.868536 seconds.
  path: Assets/Prefabs/4 Hard.prefab
  artifactKey: Guid(48792b04b55bcf2489e0dd62e3bfe566) Importer(815301076,1909f56bfc062723c751e8b465ee728b)
Start importing Assets/Prefabs/4 Hard.prefab using Guid(48792b04b55bcf2489e0dd62e3bfe566) Importer(815301076,1909f56bfc062723c751e8b465ee728b)  -> (artifact id: '56c3dad8736d205116ce5f705e7f970d') in 0.037957 seconds 
  Import took 0.060088 seconds .

========================================================================
Received Import Request.
  Time since last request: 0.010500 seconds.
  path: Assets/Prefabs/4 Hard.prefab
  artifactKey: Guid(48792b04b55bcf2489e0dd62e3bfe566) Importer(815301076,1909f56bfc062723c751e8b465ee728b)
Start importing Assets/Prefabs/4 Hard.prefab using Guid(48792b04b55bcf2489e0dd62e3bfe566) Importer(815301076,1909f56bfc062723c751e8b465ee728b)  -> (artifact id: '56c3dad8736d205116ce5f705e7f970d') in 0.054247 seconds 
  Import took 0.063480 seconds .

========================================================================
Received Import Request.
  Time since last request: 15.130030 seconds.
  path: Assets/Prefabs/2 Not Human.prefab
  artifactKey: Guid(a1ea1b2fdc84744419fb2819c80fc8c1) Importer(815301076,1909f56bfc062723c751e8b465ee728b)
Start importing Assets/Prefabs/2 Not Human.prefab using Guid(a1ea1b2fdc84744419fb2819c80fc8c1) Importer(815301076,1909f56bfc062723c751e8b465ee728b)  -> (artifact id: '7ffcaf9222065a0428b81e7941ee00dd') in 0.028224 seconds 
  Import took 0.054272 seconds .

========================================================================
Received Import Request.
  Time since last request: 57.990949 seconds.
  path: Assets/Prefabs/2 Not Human.prefab
  artifactKey: Guid(a1ea1b2fdc84744419fb2819c80fc8c1) Importer(815301076,1909f56bfc062723c751e8b465ee728b)
Start importing Assets/Prefabs/2 Not Human.prefab using Guid(a1ea1b2fdc84744419fb2819c80fc8c1) Importer(815301076,1909f56bfc062723c751e8b465ee728b)  -> (artifact id: '59d2624f0e0c4d018d70c3512267d4d1') in 0.020662 seconds 
  Import took 0.040293 seconds .

========================================================================
Received Import Request.
  Time since last request: 8.672767 seconds.
  path: Assets/Scenes/SampleSceneHard.unity
  artifactKey: Guid(069440394d69d334cbddb9b9842953c9) Importer(815301076,1909f56bfc062723c751e8b465ee728b)
Start importing Assets/Scenes/SampleSceneHard.unity using Guid(069440394d69d334cbddb9b9842953c9) Importer(815301076,1909f56bfc062723c751e8b465ee728b)  -> (artifact id: '6b82a2428eed377ec2e66d40f89a77f8') in 0.011147 seconds 
  Import took 0.031393 seconds .

========================================================================
Received Import Request.
  Time since last request: 0.759486 seconds.
  path: Assets/Scenes/SampleSceneHuman.unity
  artifactKey: Guid(eecc62e6a222d71468fee15de74cded3) Importer(815301076,1909f56bfc062723c751e8b465ee728b)
Start importing Assets/Scenes/SampleSceneHuman.unity using Guid(eecc62e6a222d71468fee15de74cded3) Importer(815301076,1909f56bfc062723c751e8b465ee728b)  -> (artifact id: '36cdbdf07606148e869ea402717d76a1') in 0.009784 seconds 
  Import took 0.046429 seconds .

========================================================================
Received Import Request.
  Time since last request: 13.928493 seconds.
  path: Assets/Prefabs/2 Hard.prefab
  artifactKey: Guid(f1c46bbb1915ed24b89528e860d9c115) Importer(815301076,1909f56bfc062723c751e8b465ee728b)
Start importing Assets/Prefabs/2 Hard.prefab using Guid(f1c46bbb1915ed24b89528e860d9c115) Importer(815301076,1909f56bfc062723c751e8b465ee728b)  -> (artifact id: 'bfe732aa2b7b7365e31b361e8af07560') in 0.018774 seconds 
  Import took 0.026931 seconds .

========================================================================
Received Import Request.
  Time since last request: 4.996650 seconds.
  path: Assets/Prefabs/3 Hard.prefab
  artifactKey: Guid(059d89cd792cba249bcc8fdec757f1a0) Importer(815301076,1909f56bfc062723c751e8b465ee728b)
Start importing Assets/Prefabs/3 Hard.prefab using Guid(059d89cd792cba249bcc8fdec757f1a0) Importer(815301076,1909f56bfc062723c751e8b465ee728b)  -> (artifact id: '899a34d0bc02e36191447aaec5dda21a') in 0.021530 seconds 
  Import took 0.045316 seconds .

========================================================================
Received Import Request.
  Time since last request: 4.505780 seconds.
  path: Assets/Prefabs/4 Hard.prefab
  artifactKey: Guid(48792b04b55bcf2489e0dd62e3bfe566) Importer(815301076,1909f56bfc062723c751e8b465ee728b)
Start importing Assets/Prefabs/4 Hard.prefab using Guid(48792b04b55bcf2489e0dd62e3bfe566) Importer(815301076,1909f56bfc062723c751e8b465ee728b)  -> (artifact id: '69a3bc220ee7e7dc7b496edcd8257af1') in 0.018482 seconds 
  Import took 0.030806 seconds .

========================================================================
Received Import Request.
  Time since last request: 103.983848 seconds.
  path: Assets/GUIManager.cs
  artifactKey: Guid(3b57961ea62593148b3694dd1a57fb69) Importer(815301076,1909f56bfc062723c751e8b465ee728b)
Start importing Assets/GUIManager.cs using Guid(3b57961ea62593148b3694dd1a57fb69) Importer(815301076,1909f56bfc062723c751e8b465ee728b)  -> (artifact id: '74f8003140deb297d84e9ac357a27572') in 0.031397 seconds 
  Import took 0.053838 seconds .

========================================================================
Received Import Request.
  Time since last request: 0.002876 seconds.
  path: Assets/GUIManager.cs
  artifactKey: Guid(3b57961ea62593148b3694dd1a57fb69) Importer(815301076,1909f56bfc062723c751e8b465ee728b)
Start importing Assets/GUIManager.cs using Guid(3b57961ea62593148b3694dd1a57fb69) Importer(815301076,1909f56bfc062723c751e8b465ee728b)  -> (artifact id: '74f8003140deb297d84e9ac357a27572') in 0.011454 seconds 
  Import took 0.019578 seconds .

========================================================================
Received Prepare
Registering precompiled user dll's ...
Registered in 0.004403 seconds.
Begin MonoManager ReloadAssembly
Native extension for WindowsStandalone target not found
Refreshing native plugins compatible for Editor in 0.76 ms, found 3 plugins.
Preloading 0 native plugins for Editor in 0.00 ms.
Mono: successfully reloaded assembly
- Completed reload, in  2.036 seconds
Domain Reload Profiling:
	ReloadAssembly (2037ms)
		BeginReloadAssembly (234ms)
			ExecutionOrderSort (0ms)
			DisableScriptedObjects (16ms)
			BackupInstance (0ms)
			ReleaseScriptingObjects (0ms)
			CreateAndSetChildDomain (65ms)
		EndReloadAssembly (1661ms)
			LoadAssemblies (212ms)
			RebuildTransferFunctionScriptingTraits (0ms)
			SetupTypeCache (561ms)
			ReleaseScriptCaches (1ms)
			RebuildScriptCaches (79ms)
			SetupLoadedEditorAssemblies (649ms)
				LogAssemblyErrors (0ms)
				InitializePlatformSupportModulesInManaged (8ms)
				SetLoadedEditorAssemblies (1ms)
				RefreshPlugins (1ms)
				BeforeProcessingInitializeOnLoad (105ms)
				ProcessInitializeOnLoadAttributes (517ms)
				ProcessInitializeOnLoadMethodAttributes (13ms)
				AfterProcessingInitializeOnLoad (4ms)
				EditorAssembliesLoaded (0ms)
			ExecutionOrderSort2 (0ms)
			AwakeInstancesAfterBackupRestoration (20ms)
Platform modules already initialized, skipping
Switching build target platform(19) subTarget(0) extendedPlatform(0) -> platform(13) subTarget(537395200) extendedPlatform(0)
Refreshing native plugins compatible for Editor in 0.72 ms, found 3 plugins.
Preloading 0 native plugins for Editor in 0.00 ms.
Unloading 2143 Unused Serialized files (Serialized files now loaded: 0)
System memory in use before: 98.0 MB.
System memory in use after: 98.1 MB.

Unloading 16 unused Assets to reduce memory usage. Loaded Objects now: 2612.
Total: 4.431800 ms (FindLiveObjects: 0.235100 ms CreateObjectMapping: 0.107500 ms MarkObjects: 3.988000 ms  DeleteObjects: 0.099200 ms)

AssetImportParameters requested are different than current active one (requested -> active):
  custom:framework-win-MediaFoundation: 216162199b28c13a410421893ffa2e32 -> 
  custom:video-decoder-ogg-theora: a1e56fd34408186e4bbccfd4996cb3dc -> 
  custom:container-muxer-webm: aa71ff27fc2769a1b78a27578f13a17b -> 
  custom:container-demuxer-webm: 4f35f7cbe854078d1ac9338744f61a02 -> 
  custom:container-demuxer-ogg: 62fdf1f143b41e24485cea50d1cbac27 -> 
  custom:video-encoder-webm-vp8: eb34c28f22e8b96e1ab97ce403110664 -> 
  custom:video-decoder-webm-vp8: 9c59270c3fd7afecdb556c50c9e8de78 -> 
  custom:graphics/normal-map-encoding: 01000000000000000000000000000000 -> 02000000000000000000000000000000
  custom:audio-decoder-ogg-vorbis: bf7c407c2cedff20999df2af8eb42d56 -> 
  custom:audio-encoder-webm-vorbis: bf7c407c2cedff20999df2af8eb42d56 -> 
========================================================================
Received Import Request.
  Time since last request: 194.430978 seconds.
  path: Assets/GUIManager.cs
  artifactKey: Guid(3b57961ea62593148b3694dd1a57fb69) Importer(815301076,1909f56bfc062723c751e8b465ee728b)
Start importing Assets/GUIManager.cs using Guid(3b57961ea62593148b3694dd1a57fb69) Importer(815301076,1909f56bfc062723c751e8b465ee728b)  -> (artifact id: 'ad1cb70f2244b1abd0d70ab5c61ece4e') in 0.011221 seconds 
  Import took 0.025705 seconds .

========================================================================
Received Import Request.
  Time since last request: 45.076402 seconds.
  path: Assets/Scenes/SampleSceneHard.unity
  artifactKey: Guid(069440394d69d334cbddb9b9842953c9) Importer(815301076,1909f56bfc062723c751e8b465ee728b)
Start importing Assets/Scenes/SampleSceneHard.unity using Guid(069440394d69d334cbddb9b9842953c9) Importer(815301076,1909f56bfc062723c751e8b465ee728b)  -> (artifact id: '9f8d9c1dfdab746acb8999e4012261da') in 0.013886 seconds 
  Import took 0.033993 seconds .

========================================================================
Received Import Request.
  Time since last request: 21.130652 seconds.
  path: Assets/Scenes/SampleSceneHuman.unity
  artifactKey: Guid(eecc62e6a222d71468fee15de74cded3) Importer(815301076,1909f56bfc062723c751e8b465ee728b)
Start importing Assets/Scenes/SampleSceneHuman.unity using Guid(eecc62e6a222d71468fee15de74cded3) Importer(815301076,1909f56bfc062723c751e8b465ee728b)  -> (artifact id: '806b9b45a592b0cc8bf5ffc76955fb8d') in 0.005266 seconds 
  Import took 0.019906 seconds .

========================================================================
Received Prepare
Registering precompiled user dll's ...
Registered in 0.006271 seconds.
Begin MonoManager ReloadAssembly
Native extension for WindowsStandalone target not found
Refreshing native plugins compatible for Editor in 0.72 ms, found 3 plugins.
Preloading 0 native plugins for Editor in 0.00 ms.
Mono: successfully reloaded assembly
- Completed reload, in  2.301 seconds
Domain Reload Profiling:
	ReloadAssembly (2302ms)
		BeginReloadAssembly (186ms)
			ExecutionOrderSort (0ms)
			DisableScriptedObjects (11ms)
			BackupInstance (0ms)
			ReleaseScriptingObjects (0ms)
			CreateAndSetChildDomain (62ms)
		EndReloadAssembly (1954ms)
			LoadAssemblies (163ms)
			RebuildTransferFunctionScriptingTraits (0ms)
			SetupTypeCache (692ms)
			ReleaseScriptCaches (1ms)
			RebuildScriptCaches (159ms)
			SetupLoadedEditorAssemblies (707ms)
				LogAssemblyErrors (0ms)
				InitializePlatformSupportModulesInManaged (7ms)
				SetLoadedEditorAssemblies (1ms)
				RefreshPlugins (1ms)
				BeforeProcessingInitializeOnLoad (104ms)
				ProcessInitializeOnLoadAttributes (581ms)
				ProcessInitializeOnLoadMethodAttributes (9ms)
				AfterProcessingInitializeOnLoad (4ms)
				EditorAssembliesLoaded (0ms)
			ExecutionOrderSort2 (0ms)
			AwakeInstancesAfterBackupRestoration (18ms)
Platform modules already initialized, skipping
Switching build target platform(19) subTarget(0) extendedPlatform(0) -> platform(13) subTarget(537395200) extendedPlatform(0)
Refreshing native plugins compatible for Editor in 0.80 ms, found 3 plugins.
Preloading 0 native plugins for Editor in 0.00 ms.
Unloading 2143 Unused Serialized files (Serialized files now loaded: 0)
System memory in use before: 98.0 MB.
System memory in use after: 98.1 MB.

Unloading 16 unused Assets to reduce memory usage. Loaded Objects now: 2615.
Total: 7.993000 ms (FindLiveObjects: 0.319900 ms CreateObjectMapping: 0.186300 ms MarkObjects: 7.444800 ms  DeleteObjects: 0.039700 ms)

AssetImportParameters requested are different than current active one (requested -> active):
  custom:framework-win-MediaFoundation: 216162199b28c13a410421893ffa2e32 -> 
  custom:video-decoder-ogg-theora: a1e56fd34408186e4bbccfd4996cb3dc -> 
  custom:container-muxer-webm: aa71ff27fc2769a1b78a27578f13a17b -> 
  custom:container-demuxer-webm: 4f35f7cbe854078d1ac9338744f61a02 -> 
  custom:container-demuxer-ogg: 62fdf1f143b41e24485cea50d1cbac27 -> 
  custom:video-encoder-webm-vp8: eb34c28f22e8b96e1ab97ce403110664 -> 
  custom:video-decoder-webm-vp8: 9c59270c3fd7afecdb556c50c9e8de78 -> 
  custom:graphics/normal-map-encoding: 01000000000000000000000000000000 -> 02000000000000000000000000000000
  custom:audio-decoder-ogg-vorbis: bf7c407c2cedff20999df2af8eb42d56 -> 
  custom:audio-encoder-webm-vorbis: bf7c407c2cedff20999df2af8eb42d56 -> 
========================================================================
Received Import Request.
  Time since last request: 383.054729 seconds.
  path: Assets/Scenes/SampleSceneMedium.unity
  artifactKey: Guid(2a5b6d2df4bba9a4389bd82b5ee792c4) Importer(815301076,1909f56bfc062723c751e8b465ee728b)
Start importing Assets/Scenes/SampleSceneMedium.unity using Guid(2a5b6d2df4bba9a4389bd82b5ee792c4) Importer(815301076,1909f56bfc062723c751e8b465ee728b)  -> (artifact id: 'b19d9880475d3210909c13d762eb09cb') in 0.019550 seconds 
  Import took 0.031418 seconds .

========================================================================
Received Prepare
Registering precompiled user dll's ...
Registered in 0.004125 seconds.
Begin MonoManager ReloadAssembly
Native extension for WindowsStandalone target not found
Refreshing native plugins compatible for Editor in 0.95 ms, found 3 plugins.
Preloading 0 native plugins for Editor in 0.00 ms.
Mono: successfully reloaded assembly
- Completed reload, in  2.168 seconds
Domain Reload Profiling:
	ReloadAssembly (2169ms)
		BeginReloadAssembly (202ms)
			ExecutionOrderSort (0ms)
			DisableScriptedObjects (11ms)
			BackupInstance (0ms)
			ReleaseScriptingObjects (0ms)
			CreateAndSetChildDomain (58ms)
		EndReloadAssembly (1861ms)
			LoadAssemblies (165ms)
			RebuildTransferFunctionScriptingTraits (0ms)
			SetupTypeCache (527ms)
			ReleaseScriptCaches (1ms)
			RebuildScriptCaches (77ms)
			SetupLoadedEditorAssemblies (896ms)
				LogAssemblyErrors (0ms)
				InitializePlatformSupportModulesInManaged (7ms)
				SetLoadedEditorAssemblies (1ms)
				RefreshPlugins (1ms)
				BeforeProcessingInitializeOnLoad (94ms)
				ProcessInitializeOnLoadAttributes (768ms)
				ProcessInitializeOnLoadMethodAttributes (19ms)
				AfterProcessingInitializeOnLoad (5ms)
				EditorAssembliesLoaded (1ms)
			ExecutionOrderSort2 (0ms)
			AwakeInstancesAfterBackupRestoration (30ms)
Platform modules already initialized, skipping
Switching build target platform(19) subTarget(0) extendedPlatform(0) -> platform(13) subTarget(537395200) extendedPlatform(0)
Refreshing native plugins compatible for Editor in 0.72 ms, found 3 plugins.
Preloading 0 native plugins for Editor in 0.00 ms.
Unloading 2143 Unused Serialized files (Serialized files now loaded: 0)
System memory in use before: 98.1 MB.
System memory in use after: 98.2 MB.

Unloading 16 unused Assets to reduce memory usage. Loaded Objects now: 2618.
Total: 4.640600 ms (FindLiveObjects: 0.233600 ms CreateObjectMapping: 0.105900 ms MarkObjects: 4.270500 ms  DeleteObjects: 0.028600 ms)

AssetImportParameters requested are different than current active one (requested -> active):
  custom:framework-win-MediaFoundation: 216162199b28c13a410421893ffa2e32 -> 
  custom:video-decoder-ogg-theora: a1e56fd34408186e4bbccfd4996cb3dc -> 
  custom:container-muxer-webm: aa71ff27fc2769a1b78a27578f13a17b -> 
  custom:container-demuxer-webm: 4f35f7cbe854078d1ac9338744f61a02 -> 
  custom:container-demuxer-ogg: 62fdf1f143b41e24485cea50d1cbac27 -> 
  custom:video-encoder-webm-vp8: eb34c28f22e8b96e1ab97ce403110664 -> 
  custom:video-decoder-webm-vp8: 9c59270c3fd7afecdb556c50c9e8de78 -> 
  custom:graphics/normal-map-encoding: 01000000000000000000000000000000 -> 02000000000000000000000000000000
  custom:audio-decoder-ogg-vorbis: bf7c407c2cedff20999df2af8eb42d56 -> 
  custom:audio-encoder-webm-vorbis: bf7c407c2cedff20999df2af8eb42d56 -> 
AssetImportWorkerClient::OnTransportError - code=2 error=End of file
